# JRE version: OpenJDK Runtime Environment (11.0.8+10) (build 11.0.8+10-b944.6842174)
# Java VM: OpenJDK 64-Bit Server VM (11.0.8+10-b944.6842174, mixed mode, tiered, compressed oops, g1 gc, windows-amd64)
Heap:
 garbage-first heap   total 210944K, used 160478K [0x0000000080000000, 0x0000000100000000)
  region size 1024K, 10 young (10240K), 4 survivors (4096K)
 Metaspace       used 125804K, capacity 129286K, committed 129788K, reserved 1163264K
  class space    used 15484K, capacity 16667K, committed 16768K, reserved 1048576K
GC Heap History (20 events):
Event: 3868.369 GC heap before
{Heap before GC invocations=161 (full 0):
 garbage-first heap   total 210944K, used 167078K [0x0000000080000000, 0x0000000100000000)
  region size 1024K, 44 young (45056K), 6 survivors (6144K)
 Metaspace       used 125125K, capacity 128600K, committed 129276K, reserved 1161216K
  class space    used 15437K, capacity 16596K, committed 16768K, reserved 1048576K
}
Event: 3868.382 GC heap after
{Heap after GC invocations=162 (full 0):
 garbage-first heap   total 210944K, used 131620K [0x0000000080000000, 0x0000000100000000)
  region size 1024K, 5 young (5120K), 5 survivors (5120K)
 Metaspace       used 125125K, capacity 128600K, committed 129276K, reserved 1161216K
  class space    used 15437K, capacity 16596K, committed 16768K, reserved 1048576K
}
Event: 3868.796 GC heap before
{Heap before GC invocations=162 (full 0):
 garbage-first heap   total 210944K, used 168484K [0x0000000080000000, 0x0000000100000000)
  region size 1024K, 42 young (43008K), 5 survivors (5120K)
 Metaspace       used 125169K, capacity 128703K, committed 129276K, reserved 1161216K
  class space    used 15444K, capacity 16608K, committed 16768K, reserved 1048576K
}
Event: 3868.812 GC heap after
{Heap after GC invocations=163 (full 0):
 garbage-first heap   total 210944K, used 132895K [0x0000000080000000, 0x0000000100000000)
  region size 1024K, 2 young (2048K), 2 survivors (2048K)
 Metaspace       used 125169K, capacity 128703K, committed 129276K, reserved 1161216K
  class space    used 15444K, capacity 16608K, committed 16768K, reserved 1048576K
}
Event: 3869.645 GC heap before
{Heap before GC invocations=163 (full 0):
 garbage-first heap   total 210944K, used 171807K [0x0000000080000000, 0x0000000100000000)
  region size 1024K, 39 young (39936K), 2 survivors (2048K)
 Metaspace       used 125259K, capacity 128730K, committed 129276K, reserved 1161216K
  class space    used 15449K, capacity 16616K, committed 16768K, reserved 1048576K
}
Event: 3869.657 GC heap after
{Heap after GC invocations=164 (full 0):
 garbage-first heap   total 210944K, used 143146K [0x0000000080000000, 0x0000000100000000)
  region size 1024K, 5 young (5120K), 5 survivors (5120K)
 Metaspace       used 125259K, capacity 128730K, committed 129276K, reserved 1161216K
  class space    used 15449K, capacity 16616K, committed 16768K, reserved 1048576K
}
Event: 3916.433 GC heap before
{Heap before GC invocations=164 (full 0):
 garbage-first heap   total 210944K, used 173866K [0x0000000080000000, 0x0000000100000000)
  region size 1024K, 35 young (35840K), 5 survivors (5120K)
 Metaspace       used 125401K, capacity 128947K, committed 129532K, reserved 1163264K
  class space    used 15452K, capacity 16622K, committed 16768K, reserved 1048576K
}
Event: 3916.444 GC heap after
{Heap after GC invocations=165 (full 0):
 garbage-first heap   total 210944K, used 144478K [0x0000000080000000, 0x0000000100000000)
  region size 1024K, 5 young (5120K), 5 survivors (5120K)
 Metaspace       used 125401K, capacity 128947K, committed 129532K, reserved 1163264K
  class space    used 15452K, capacity 16622K, committed 16768K, reserved 1048576K
}
Event: 3916.845 GC heap before
{Heap before GC invocations=165 (full 0):
 garbage-first heap   total 210944K, used 173150K [0x0000000080000000, 0x0000000100000000)
  region size 1024K, 34 young (34816K), 5 survivors (5120K)
 Metaspace       used 125440K, capacity 128978K, committed 129532K, reserved 1163264K
  class space    used 15458K, capacity 16632K, committed 16768K, reserved 1048576K
}
Event: 3916.853 GC heap after
{Heap after GC invocations=166 (full 0):
 garbage-first heap   total 210944K, used 145651K [0x0000000080000000, 0x0000000100000000)
  region size 1024K, 2 young (2048K), 2 survivors (2048K)
 Metaspace       used 125440K, capacity 128978K, committed 129532K, reserved 1163264K
  class space    used 15458K, capacity 16632K, committed 16768K, reserved 1048576K
}
Event: 3917.234 GC heap before
{Heap before GC invocations=166 (full 0):
 garbage-first heap   total 210944K, used 175347K [0x0000000080000000, 0x0000000100000000)
  region size 1024K, 32 young (32768K), 2 survivors (2048K)
 Metaspace       used 125486K, capacity 129053K, committed 129532K, reserved 1163264K
  class space    used 15459K, capacity 16635K, committed 16768K, reserved 1048576K
}
Event: 3917.240 GC heap after
{Heap after GC invocations=167 (full 0):
 garbage-first heap   total 210944K, used 146877K [0x0000000080000000, 0x0000000100000000)
  region size 1024K, 3 young (3072K), 3 survivors (3072K)
 Metaspace       used 125486K, capacity 129053K, committed 129532K, reserved 1163264K
  class space    used 15459K, capacity 16635K, committed 16768K, reserved 1048576K
}
Event: 3917.987 GC heap before
{Heap before GC invocations=167 (full 0):
 garbage-first heap   total 210944K, used 179645K [0x0000000080000000, 0x0000000100000000)
  region size 1024K, 33 young (33792K), 3 survivors (3072K)
 Metaspace       used 125621K, capacity 129189K, committed 129788K, reserved 1163264K
  class space    used 15467K, capacity 16636K, committed 16768K, reserved 1048576K
}
Event: 3917.990 GC heap after
{Heap after GC invocations=168 (full 0):
 garbage-first heap   total 210944K, used 149104K [0x0000000080000000, 0x0000000100000000)
  region size 1024K, 2 young (2048K), 2 survivors (2048K)
 Metaspace       used 125621K, capacity 129189K, committed 129788K, reserved 1163264K
  class space    used 15467K, capacity 16636K, committed 16768K, reserved 1048576K
}
Event: 3976.527 GC heap before
{Heap before GC invocations=168 (full 0):
 garbage-first heap   total 210944K, used 178800K [0x0000000080000000, 0x0000000100000000)
  region size 1024K, 32 young (32768K), 2 survivors (2048K)
 Metaspace       used 125762K, capacity 129285K, committed 129788K, reserved 1163264K
  class space    used 15484K, capacity 16667K, committed 16768K, reserved 1048576K
}
Event: 3976.537 GC heap after
{Heap after GC invocations=169 (full 0):
 garbage-first heap   total 210944K, used 149834K [0x0000000080000000, 0x0000000100000000)
  region size 1024K, 4 young (4096K), 4 survivors (4096K)
 Metaspace       used 125762K, capacity 129285K, committed 129788K, reserved 1163264K
  class space    used 15484K, capacity 16667K, committed 16768K, reserved 1048576K
}
Event: 3976.811 GC heap before
{Heap before GC invocations=169 (full 0):
 garbage-first heap   total 210944K, used 178506K [0x0000000080000000, 0x0000000100000000)
  region size 1024K, 33 young (33792K), 4 survivors (4096K)
 Metaspace       used 125767K, capacity 129285K, committed 129788K, reserved 1163264K
  class space    used 15484K, capacity 16667K, committed 16768K, reserved 1048576K
}
Event: 3976.821 GC heap after
{Heap after GC invocations=170 (full 0):
 garbage-first heap   total 210944K, used 150776K [0x0000000080000000, 0x0000000100000000)
  region size 1024K, 1 young (1024K), 1 survivors (1024K)
 Metaspace       used 125767K, capacity 129285K, committed 129788K, reserved 1163264K
  class space    used 15484K, capacity 16667K, committed 16768K, reserved 1048576K
}
Event: 3977.221 GC heap before
{Heap before GC invocations=170 (full 0):
 garbage-first heap   total 210944K, used 181496K [0x0000000080000000, 0x0000000100000000)
  region size 1024K, 30 young (30720K), 1 survivors (1024K)
 Metaspace       used 125803K, capacity 129286K, committed 129788K, reserved 1163264K
  class space    used 15484K, capacity 16667K, committed 16768K, reserved 1048576K
}
Event: 3977.228 GC heap after
{Heap after GC invocations=171 (full 0):
 garbage-first heap   total 210944K, used 156382K [0x0000000080000000, 0x0000000100000000)
  region size 1024K, 4 young (4096K), 4 survivors (4096K)
 Metaspace       used 125803K, capacity 129286K, committed 129788K, reserved 1163264K
  class space    used 15484K, capacity 16667K, committed 16768K, reserved 1048576K
}

